<?xml version="1.0" encoding="UTF-8"?>
<!-- Generated by org.testng.reporters.JUnitReportReporter -->
<testsuite skipped="0" hostname="22HW020536" name="Sincronias" tests="1" failures="0" timestamp="02 Apr 2018 17:26:29 GMT" time="62.905" errors="0">
  <testcase name="ejemplo1_sincronizacion" time="62.905" classname="Sincronias"/>
</testsuite> <!-- Sincronias -->
