<?xml version="1.0" encoding="UTF-8"?>
<!-- Generated by org.testng.reporters.JUnitReportReporter -->
<testsuite skipped="0" hostname="22HW020536" name="test.FirstExample" tests="1" failures="0" timestamp="21 Mar 2018 22:25:32 GMT" time="0.016" errors="0">
  <testcase name="demo2" time="0.016" classname="test.FirstExample"/>
</testsuite> <!-- test.FirstExample -->
