<?xml version="1.0" encoding="UTF-8"?>
<!-- Generated by org.testng.reporters.JUnitReportReporter -->
<testsuite skipped="0" hostname="22HW020536" name="test.TercerEjemplo" tests="2" failures="0" timestamp="22 Mar 2018 23:10:47 GMT" time="0.005" errors="0">
  <testcase name="LoginCarLoan" time="0.004" classname="test.TercerEjemplo"/>
  <testcase name="MovilLoginCarLoan" time="0.001" classname="test.TercerEjemplo"/>
</testsuite> <!-- test.TercerEjemplo -->
