<?xml version="1.0" encoding="UTF-8"?>
<!-- Generated by org.testng.reporters.JUnitReportReporter -->
<testsuite skipped="0" hostname="22HW020536" name="threads.Thread2" tests="1" failures="0" timestamp="23 Mar 2018 17:58:16 GMT" time="34.464" errors="0">
  <testcase name="Threadmethod2" time="34.464" classname="threads.Thread2"/>
</testsuite> <!-- threads.Thread2 -->
