<?xml version="1.0" encoding="UTF-8"?>
<!-- Generated by org.testng.reporters.JUnitReportReporter -->
<testsuite skipped="0" hostname="22HW020536" name="threads.Thread1" tests="1" failures="0" timestamp="23 Mar 2018 17:58:15 GMT" time="55.076" errors="0">
  <testcase name="Threadmethod" time="55.076" classname="threads.Thread1"/>
</testsuite> <!-- threads.Thread1 -->
