<?xml version="1.0" encoding="UTF-8"?>
<!-- Generated by org.testng.reporters.JUnitReportReporter -->
<testsuite skipped="0" hostname="22HW020536" name="test.CuartoEjemplo" tests="1" failures="0" timestamp="21 Mar 2018 22:25:32 GMT" time="0.000" errors="0">
  <testcase name="LoginAPIHomeCarLoan" time="0.000" classname="test.CuartoEjemplo"/>
</testsuite> <!-- test.CuartoEjemplo -->
