<?xml version="1.0" encoding="UTF-8"?>
<!-- Generated by org.testng.reporters.JUnitReportReporter -->
<testsuite skipped="0" hostname="22HW020536" name="test.FirstExample" tests="1" failures="0" timestamp="20 Mar 2018 23:02:00 GMT" time="0.000" errors="0">
  <testcase name="demo1" time="0.000" classname="test.FirstExample"/>
</testsuite> <!-- test.FirstExample -->
