<?xml version="1.0" encoding="UTF-8"?>
<!-- Generated by org.testng.reporters.JUnitReportReporter -->
<testsuite skipped="0" hostname="22HW020536" name="threads.Thread1" tests="1" failures="0" timestamp="26 Mar 2018 18:10:30 GMT" time="67.737" errors="0">
  <testcase name="Threadmethod" time="67.737" classname="threads.Thread1"/>
</testsuite> <!-- threads.Thread1 -->
