<?xml version="1.0" encoding="UTF-8"?>
<!-- Generated by org.testng.reporters.JUnitReportReporter -->
<testsuite skipped="0" hostname="22HW020536" name="test.FirstExample" tests="2" failures="0" timestamp="22 Mar 2018 23:10:47 GMT" time="0.025" errors="0">
  <testcase name="demo1" time="0.000" classname="test.FirstExample"/>
  <testcase name="demo2" time="0.025" classname="test.FirstExample"/>
</testsuite> <!-- test.FirstExample -->
