<?xml version="1.0" encoding="UTF-8"?>
<!-- Generated by org.testng.reporters.JUnitReportReporter -->
<testsuite skipped="0" hostname="22HW020536" name="threads.Thread3" tests="1" failures="0" timestamp="23 Mar 2018 17:58:16 GMT" time="63.066" errors="0">
  <testcase name="Threadmethod2" time="63.066" classname="threads.Thread3"/>
</testsuite> <!-- threads.Thread3 -->
