<?xml version="1.0" encoding="UTF-8"?>
<!-- Generated by org.testng.reporters.JUnitReportReporter -->
<testsuite skipped="0" hostname="22HW020536" name="Julio_Group.MavenExamples.PruebaJenk1" tests="3" failures="0" timestamp="02 Apr 2018 21:35:22 GMT" time="0.015" errors="0">
  <testcase name="prueba2" time="0.000" classname="Julio_Group.MavenExamples.PruebaJenk1"/>
  <testcase name="prueba1" time="0.015" classname="Julio_Group.MavenExamples.PruebaJenk1"/>
  <testcase name="prueba3" time="0.000" classname="Julio_Group.MavenExamples.PruebaJenk1"/>
</testsuite> <!-- Julio_Group.MavenExamples.PruebaJenk1 -->
